mode: set
github.com/hyperledger/fabric-gateway/pkg/server/server.go:29.63,32.16 2 0
github.com/hyperledger/fabric-gateway/pkg/server/server.go:36.2,39.20 2 0
github.com/hyperledger/fabric-gateway/pkg/server/server.go:32.16,34.3 1 0
github.com/hyperledger/fabric-gateway/pkg/server/api.go:24.114,27.16 3 0
github.com/hyperledger/fabric-gateway/pkg/server/api.go:30.2,31.25 2 0
github.com/hyperledger/fabric-gateway/pkg/server/api.go:34.2,35.16 2 0
github.com/hyperledger/fabric-gateway/pkg/server/api.go:39.2,39.39 1 0
github.com/hyperledger/fabric-gateway/pkg/server/api.go:27.16,29.3 1 0
github.com/hyperledger/fabric-gateway/pkg/server/api.go:31.25,33.3 1 0
github.com/hyperledger/fabric-gateway/pkg/server/api.go:35.16,37.3 1 0
github.com/hyperledger/fabric-gateway/pkg/server/api.go:44.126,48.16 4 0
github.com/hyperledger/fabric-gateway/pkg/server/api.go:51.2,52.16 2 0
github.com/hyperledger/fabric-gateway/pkg/server/api.go:55.2,59.38 3 0
github.com/hyperledger/fabric-gateway/pkg/server/api.go:67.2,68.16 2 0
github.com/hyperledger/fabric-gateway/pkg/server/api.go:72.2,73.16 2 0
github.com/hyperledger/fabric-gateway/pkg/server/api.go:77.2,82.25 2 0
github.com/hyperledger/fabric-gateway/pkg/server/api.go:48.16,50.3 1 0
github.com/hyperledger/fabric-gateway/pkg/server/api.go:52.16,54.3 1 0
github.com/hyperledger/fabric-gateway/pkg/server/api.go:59.38,61.17 2 0
github.com/hyperledger/fabric-gateway/pkg/server/api.go:64.3,64.42 1 0
github.com/hyperledger/fabric-gateway/pkg/server/api.go:61.17,63.4 1 0
github.com/hyperledger/fabric-gateway/pkg/server/api.go:68.16,70.3 1 0
github.com/hyperledger/fabric-gateway/pkg/server/api.go:73.16,75.3 1 0
github.com/hyperledger/fabric-gateway/pkg/server/api.go:87.89,89.16 2 0
github.com/hyperledger/fabric-gateway/pkg/server/api.go:92.2,94.24 2 0
github.com/hyperledger/fabric-gateway/pkg/server/api.go:98.2,102.16 4 0
github.com/hyperledger/fabric-gateway/pkg/server/api.go:106.2,107.19 2 0
github.com/hyperledger/fabric-gateway/pkg/server/api.go:110.2,110.16 1 0
github.com/hyperledger/fabric-gateway/pkg/server/api.go:114.2,120.9 3 0
github.com/hyperledger/fabric-gateway/pkg/server/api.go:127.2,127.12 1 0
github.com/hyperledger/fabric-gateway/pkg/server/api.go:89.16,91.3 1 0
github.com/hyperledger/fabric-gateway/pkg/server/api.go:94.24,96.3 1 0
github.com/hyperledger/fabric-gateway/pkg/server/api.go:102.16,104.3 1 0
github.com/hyperledger/fabric-gateway/pkg/server/api.go:107.19,109.3 1 0
github.com/hyperledger/fabric-gateway/pkg/server/api.go:110.16,112.3 1 0
github.com/hyperledger/fabric-gateway/pkg/server/api.go:121.14,122.47 1 0
github.com/hyperledger/fabric-gateway/pkg/server/api.go:123.37,124.53 1 0
github.com/hyperledger/fabric-gateway/pkg/server/protoutils.go:21.107,23.16 2 1
github.com/hyperledger/fabric-gateway/pkg/server/protoutils.go:27.2,28.16 2 1
github.com/hyperledger/fabric-gateway/pkg/server/protoutils.go:32.2,36.23 2 1
github.com/hyperledger/fabric-gateway/pkg/server/protoutils.go:23.16,25.3 1 0
github.com/hyperledger/fabric-gateway/pkg/server/protoutils.go:28.16,30.3 1 0
github.com/hyperledger/fabric-gateway/pkg/server/protoutils.go:39.80,42.29 2 1
github.com/hyperledger/fabric-gateway/pkg/server/protoutils.go:58.2,58.39 1 1
github.com/hyperledger/fabric-gateway/pkg/server/protoutils.go:42.29,44.17 2 1
github.com/hyperledger/fabric-gateway/pkg/server/protoutils.go:48.3,49.17 2 1
github.com/hyperledger/fabric-gateway/pkg/server/protoutils.go:53.3,53.52 1 1
github.com/hyperledger/fabric-gateway/pkg/server/protoutils.go:44.17,46.4 1 0
github.com/hyperledger/fabric-gateway/pkg/server/protoutils.go:49.17,51.4 1 0
github.com/hyperledger/fabric-gateway/pkg/server/protoutils.go:53.52,55.4 1 1
github.com/hyperledger/fabric-gateway/pkg/server/protoutils.go:64.29,65.21 1 1
github.com/hyperledger/fabric-gateway/pkg/server/protoutils.go:70.2,71.16 2 1
github.com/hyperledger/fabric-gateway/pkg/server/protoutils.go:76.2,77.16 2 1
github.com/hyperledger/fabric-gateway/pkg/server/protoutils.go:82.2,83.26 2 1
github.com/hyperledger/fabric-gateway/pkg/server/protoutils.go:99.2,100.26 2 1
github.com/hyperledger/fabric-gateway/pkg/server/protoutils.go:105.2,109.16 3 1
github.com/hyperledger/fabric-gateway/pkg/server/protoutils.go:114.2,116.16 3 1
github.com/hyperledger/fabric-gateway/pkg/server/protoutils.go:121.2,128.16 6 1
github.com/hyperledger/fabric-gateway/pkg/server/protoutils.go:133.2,135.16 3 1
github.com/hyperledger/fabric-gateway/pkg/server/protoutils.go:140.2,140.50 1 1
github.com/hyperledger/fabric-gateway/pkg/server/protoutils.go:65.21,67.3 1 1
github.com/hyperledger/fabric-gateway/pkg/server/protoutils.go:71.16,73.3 1 0
github.com/hyperledger/fabric-gateway/pkg/server/protoutils.go:77.16,79.3 1 0
github.com/hyperledger/fabric-gateway/pkg/server/protoutils.go:83.26,84.58 1 1
github.com/hyperledger/fabric-gateway/pkg/server/protoutils.go:88.3,88.13 1 1
github.com/hyperledger/fabric-gateway/pkg/server/protoutils.go:93.3,93.34 1 1
github.com/hyperledger/fabric-gateway/pkg/server/protoutils.go:84.58,86.4 1 0
github.com/hyperledger/fabric-gateway/pkg/server/protoutils.go:88.13,90.12 2 1
github.com/hyperledger/fabric-gateway/pkg/server/protoutils.go:93.34,95.4 1 1
github.com/hyperledger/fabric-gateway/pkg/server/protoutils.go:100.26,102.3 1 1
github.com/hyperledger/fabric-gateway/pkg/server/protoutils.go:109.16,111.3 1 0
github.com/hyperledger/fabric-gateway/pkg/server/protoutils.go:116.16,118.3 1 0
github.com/hyperledger/fabric-gateway/pkg/server/protoutils.go:128.16,130.3 1 0
github.com/hyperledger/fabric-gateway/pkg/server/protoutils.go:135.16,137.3 1 0
github.com/hyperledger/fabric-gateway/pkg/server/protoutils.go:143.39,147.16 3 0
github.com/hyperledger/fabric-gateway/pkg/server/protoutils.go:150.2,150.17 1 0
github.com/hyperledger/fabric-gateway/pkg/server/protoutils.go:147.16,149.3 1 0
github.com/hyperledger/fabric-gateway/pkg/server/protoutils.go:153.109,156.16 3 0
github.com/hyperledger/fabric-gateway/pkg/server/protoutils.go:159.2,161.16 3 0
github.com/hyperledger/fabric-gateway/pkg/server/protoutils.go:164.2,164.53 1 0
github.com/hyperledger/fabric-gateway/pkg/server/protoutils.go:156.16,158.3 1 0
github.com/hyperledger/fabric-gateway/pkg/server/protoutils.go:161.16,163.3 1 0
github.com/hyperledger/fabric-gateway/pkg/server/protoutils.go:167.93,170.16 3 0
github.com/hyperledger/fabric-gateway/pkg/server/protoutils.go:173.2,173.61 1 0
github.com/hyperledger/fabric-gateway/pkg/server/protoutils.go:170.16,172.3 1 0
github.com/hyperledger/fabric-gateway/pkg/server/protoutils.go:176.74,180.2 3 0
github.com/hyperledger/fabric-gateway/pkg/server/protoutils.go:182.95,186.2 3 1
github.com/hyperledger/fabric-gateway/pkg/server/protoutils.go:188.78,192.2 3 1
github.com/hyperledger/fabric-gateway/pkg/server/protoutils.go:194.60,198.2 3 1
github.com/hyperledger/fabric-gateway/pkg/server/protoutils.go:200.94,204.2 3 1
github.com/hyperledger/fabric-gateway/pkg/server/protoutils.go:208.19,210.20 1 1
github.com/hyperledger/fabric-gateway/pkg/server/protoutils.go:215.2,217.80 3 1
github.com/hyperledger/fabric-gateway/pkg/server/protoutils.go:210.20,212.3 1 0
